2026-03-23 11:03:42 [INFO]: Server is running on port http://localhost:4000
2026-03-23 11:34:42 [INFO]: Server is running on port http://localhost:4000
2026-03-23 12:00:00 [INFO]: ⏰ Cron triggered at: 2026-03-23T06:30:00.043Z
2026-03-23 12:00:04 [INFO]: undefined tournament extractions finished.
2026-03-23 12:00:07 [INFO]: undefined tournament extractions finished.
2026-03-23 12:00:11 [INFO]: undefined tournament extractions finished.
2026-03-23 12:00:11 [INFO]: undefined tournament extractions finished.
2026-03-23 12:00:12 [INFO]: undefined tournament extractions finished.
2026-03-23 12:00:16 [INFO]: undefined tournament extractions finished.
2026-03-23 12:00:24 [INFO]: undefined tournament extractions finished.
2026-03-23 12:00:24 [INFO]: undefined tournament extractions finished.
2026-03-23 12:00:24 [INFO]: 🎉 All tournament extractions completed
2026-03-23 12:00:24 [INFO]: ⏰ Cron ended at: 2026-03-23T06:30:24.806Z
2026-03-23 13:06:11 [INFO]: Server is running on port http://localhost:4000
2026-03-23 13:06:25 [INFO]: Server is running on port http://localhost:4000
2026-03-23 15:49:17 [INFO]: Server is running on port http://localhost:4000
2026-03-23 16:54:48 [INFO]: Server is running on port http://localhost:4000
2026-03-23 17:00:14 [INFO]: Server is running on port http://localhost:4000
2026-03-23 17:00:58 [INFO]: Server is running on port http://localhost:4000
2026-03-23 17:01:00 [INFO]: Server is running on port http://localhost:4000
2026-03-23 17:02:23 [INFO]: Server is running on port http://localhost:4000
2026-03-23 17:02:24 [INFO]: Server is running on port http://localhost:4000
2026-03-23 17:02:29 [INFO]: Server is running on port http://localhost:4000
2026-03-23 17:08:58 [INFO]: Server is running on port http://localhost:4000
2026-03-23 17:39:05 [INFO]: Server is running on port http://localhost:4000
2026-03-23 17:43:00 [INFO]: Server is running on port http://localhost:4000
